#
# There is insufficient memory for the Java Runtime Environment to continue.
# Native memory allocation (mmap) failed to map 260046848 bytes for G1 virtual space
# Possible reasons:
#   The system is out of physical RAM or swap space
#   The process is running with CompressedOops enabled, and the Java Heap may be blocking the growth of the native heap
# Possible solutions:
#   Reduce memory load on the system
#   Increase physical memory or swap space
#   Check if swap backing store is full
#   Decrease Java heap size (-Xmx/-Xms)
#   Decrease number of Java threads
#   Decrease Java thread stack sizes (-Xss)
#   Set larger code cache with -XX:ReservedCodeCacheSize=
#   JVM is running with Zero Based Compressed Oops mode in which the Java heap is
#     placed in the first 32GB address space. The Java Heap base address is the
#     maximum limit for the native heap growth. Please use -XX:HeapBaseMinAddress
#     to set the Java Heap base and to place the Java Heap above 32GB virtual address.
# This output file may be truncated or incomplete.
#
#  Out of Memory Error (os_windows.cpp:3527), pid=41640, tid=40764
#
# JRE version:  (19.0+36) (build )
# Java VM: Java HotSpot(TM) 64-Bit Server VM (19+36-2238, mixed mode, sharing, tiered, compressed oops, compressed class ptrs, g1 gc, windows-amd64)
# No core dump will be written. Minidumps are not enabled by default on client versions of Windows
#

---------------  S U M M A R Y ------------

Command Line: -Dfile.encoding=UTF-8 -Dstdout.encoding=UTF-8 -Dstderr.encoding=UTF-8 -XX:+ShowCodeDetailsInExceptionMessages main.Display

Host: AMD Ryzen 7 4800H with Radeon Graphics         , 16 cores, 15G,  Windows 10 , 64 bit Build 19041 (10.0.19041.3393)
Time: Tue Oct 10 13:00:29 2023 Västeuropa, sommartid elapsed time: 0.011863 seconds (0d 0h 0m 0s)

---------------  T H R E A D  ---------------

Current thread (0x000001a2d3e429b0):  JavaThread "Unknown thread" [_thread_in_vm, id=40764, stack(0x000000536e000000,0x000000536e100000)]

Stack: [0x000000536e000000,0x000000536e100000]
Native frames: (J=compiled Java code, j=interpreted, Vv=VM code, C=native code)
V  [jvm.dll+0x6ee8fa]
V  [jvm.dll+0x857a1e]
V  [jvm.dll+0x85940e]
V  [jvm.dll+0x859ac3]
V  [jvm.dll+0x28291f]
V  [jvm.dll+0x6eb6e9]
V  [jvm.dll+0x6e028a]
V  [jvm.dll+0x357136]
V  [jvm.dll+0x35eb96]
V  [jvm.dll+0x3b555e]
V  [jvm.dll+0x3b578f]
V  [jvm.dll+0x32c6ea]
V  [jvm.dll+0x32d59e]
V  [jvm.dll+0x821b20]
V  [jvm.dll+0x3c27c1]
V  [jvm.dll+0x8022f1]
V  [jvm.dll+0x44b30f]
V  [jvm.dll+0x44cc91]
C  [jli.dll+0x5287]
C  [ucrtbase.dll+0x21bb2]
C  [KERNEL32.DLL+0x17344]
C  [ntdll.dll+0x526b1]


---------------  P R O C E S S  ---------------

Threads class SMR info:
_java_thread_list=0x00007ffa9e04d048, length=0, elements={
}

Java Threads: ( => current thread )

Other Threads:
  0x000001a2d3eb2020 WorkerThread "GC Thread#0" [stack: 0x000000536e100000,0x000000536e200000] [id=9644]
  0x000001a2d3ec2640 ConcurrentGCThread "G1 Main Marker" [stack: 0x000000536e200000,0x000000536e300000] [id=24024]
  0x000001a2d3ec5990 WorkerThread "G1 Conc#0" [stack: 0x000000536e300000,0x000000536e400000] [id=11184]

[error occurred during error reporting (printing all threads), id 0xc0000005, EXCEPTION_ACCESS_VIOLATION (0xc0000005) at pc=0x00007ffa9d80d127]

VM state: not at safepoint (not fully initialized)

VM Mutex/Monitor currently owned by a thread:  ([mutex/lock_event])
[0x000001a2d3e3d2e0] Heap_lock - owner thread: 0x000001a2d3e429b0

Heap address: 0x0000000709400000, size: 3948 MB, Compressed Oops mode: Zero based, Oop shift amount: 3

CDS archive(s) mapped at: [0x0000000000000000-0x0000000000000000-0x0000000000000000), size 0, SharedBaseAddress: 0x0000000800000000, ArchiveRelocationMode: 0.
Narrow klass base: 0x0000000000000000, Narrow klass shift: 0, Narrow klass range: 0x0

GC Precious Log:
 CardTable entry size: 512
 Card Set container configuration: InlinePtr #cards 4 size 8 Array Of Cards #cards 8 size 32 Howl #buckets 8 coarsen threshold 3686 Howl Bitmap #cards 512 size 80 coarsen threshold 460 Card regions per heap region 1 cards per card region 4096

Heap:
 garbage-first heap   total 0K, used 0K [0x0000000709400000, 0x0000000800000000)
  region size 2048K, 0 young (0K), 0 survivors (0K)

[error occurred during error reporting (printing heap information), id 0xc0000005, EXCEPTION_ACCESS_VIOLATION (0xc0000005) at pc=0x00007ffa9dc16959]

GC Heap History (0 events):
No events

Dll operation events (1 events):
Event: 0.007 Loaded shared library C:\Program Files\Java\jdk-19\bin\java.dll

Deoptimization events (0 events):
No events

Classes loaded (0 events):
No events

Classes unloaded (0 events):
No events

Classes redefined (0 events):
No events

Internal exceptions (0 events):
No events

VM Operations (0 events):
No events

Events (0 events):
No events


Dynamic libraries:
0x00007ff660790000 - 0x00007ff6607a0000 	C:\Program Files\Java\jdk-19\bin\javaw.exe
0x00007ffb6e930000 - 0x00007ffb6eb28000 	C:\WINDOWS\SYSTEM32\ntdll.dll
0x00007ffb3ab70000 - 0x00007ffb3ab89000 	C:\Program Files\AVG\Antivirus\aswhook.dll
0x00007ffb6dd20000 - 0x00007ffb6dddd000 	C:\WINDOWS\System32\KERNEL32.DLL
0x00007ffb6c420000 - 0x00007ffb6c716000 	C:\WINDOWS\System32\KERNELBASE.dll
0x00007ffb6c890000 - 0x00007ffb6c990000 	C:\WINDOWS\System32\ucrtbase.dll
0x00007ffb53770000 - 0x00007ffb53788000 	C:\Program Files\Java\jdk-19\bin\jli.dll
0x00007ffb6dc70000 - 0x00007ffb6dd1e000 	C:\WINDOWS\System32\ADVAPI32.dll
0x00007ffb6e850000 - 0x00007ffb6e8ee000 	C:\WINDOWS\System32\msvcrt.dll
0x00007ffb53790000 - 0x00007ffb537ab000 	C:\Program Files\Java\jdk-19\bin\VCRUNTIME140.dll
0x00007ffb6de40000 - 0x00007ffb6dedc000 	C:\WINDOWS\System32\sechost.dll
0x00007ffb6c990000 - 0x00007ffb6cab6000 	C:\WINDOWS\System32\RPCRT4.dll
0x00007ffb6cc70000 - 0x00007ffb6ce0e000 	C:\WINDOWS\System32\USER32.dll
0x00007ffb6c110000 - 0x00007ffb6c132000 	C:\WINDOWS\System32\win32u.dll
0x00007ffb5acc0000 - 0x00007ffb5af5a000 	C:\WINDOWS\WinSxS\amd64_microsoft.windows.common-controls_6595b64144ccf1df_6.0.19041.1110_none_60b5254171f9507e\COMCTL32.dll
0x00007ffb6e590000 - 0x00007ffb6e5bc000 	C:\WINDOWS\System32\GDI32.dll
0x00007ffb6c720000 - 0x00007ffb6c83a000 	C:\WINDOWS\System32\gdi32full.dll
0x00007ffb6c380000 - 0x00007ffb6c41d000 	C:\WINDOWS\System32\msvcp_win.dll
0x00007ffb64220000 - 0x00007ffb6422a000 	C:\WINDOWS\SYSTEM32\VERSION.dll
0x00007ffb6e5c0000 - 0x00007ffb6e5f0000 	C:\WINDOWS\System32\IMM32.DLL
0x00007ffb67570000 - 0x00007ffb6757c000 	C:\Program Files\Java\jdk-19\bin\vcruntime140_1.dll
0x00007ffb52d40000 - 0x00007ffb52dce000 	C:\Program Files\Java\jdk-19\bin\msvcp140.dll
0x00007ffa9d4d0000 - 0x00007ffa9e190000 	C:\Program Files\Java\jdk-19\bin\server\jvm.dll
0x00007ffb633c0000 - 0x00007ffb633e7000 	C:\WINDOWS\SYSTEM32\WINMM.dll
0x00007ffb584e0000 - 0x00007ffb584e9000 	C:\WINDOWS\SYSTEM32\WSOCK32.dll
0x00007ffb6e7e0000 - 0x00007ffb6e84b000 	C:\WINDOWS\System32\WS2_32.dll
0x00007ffb6a880000 - 0x00007ffb6a892000 	C:\WINDOWS\SYSTEM32\kernel.appcore.dll
0x00007ffb66390000 - 0x00007ffb6639a000 	C:\Program Files\Java\jdk-19\bin\jimage.dll
0x00007ffb6a370000 - 0x00007ffb6a554000 	C:\WINDOWS\SYSTEM32\DBGHELP.DLL
0x00007ffb5d640000 - 0x00007ffb5d674000 	C:\WINDOWS\SYSTEM32\dbgcore.DLL
0x00007ffb6c010000 - 0x00007ffb6c092000 	C:\WINDOWS\System32\bcryptPrimitives.dll
0x00007ffb536e0000 - 0x00007ffb53706000 	C:\Program Files\Java\jdk-19\bin\java.dll

dbghelp: loaded successfully - version: 4.0.5 - missing functions: none
symbol engine: initialized successfully - sym options: 0x614 - pdb path: .;C:\Program Files\Java\jdk-19\bin;C:\WINDOWS\SYSTEM32;C:\Program Files\AVG\Antivirus;C:\WINDOWS\WinSxS\amd64_microsoft.windows.common-controls_6595b64144ccf1df_6.0.19041.1110_none_60b5254171f9507e;C:\Program Files\Java\jdk-19\bin\server

VM Arguments:
jvm_args: -Dfile.encoding=UTF-8 -Dstdout.encoding=UTF-8 -Dstderr.encoding=UTF-8 -XX:+ShowCodeDetailsInExceptionMessages 
java_command: main.Display
java_class_path (initial): C:\Users\mkale\java22-javaprogrammering\miniproject1AvanceradJava\bin
Launcher Type: SUN_STANDARD

[Global flags]
     intx CICompilerCount                          = 12                                        {product} {ergonomic}
     uint ConcGCThreads                            = 3                                         {product} {ergonomic}
     uint G1ConcRefinementThreads                  = 13                                        {product} {ergonomic}
   size_t G1HeapRegionSize                         = 2097152                                   {product} {ergonomic}
    uintx GCDrainStackTargetSize                   = 64                                        {product} {ergonomic}
   size_t InitialHeapSize                          = 260046848                                 {product} {ergonomic}
   size_t MarkStackSize                            = 4194304                                   {product} {ergonomic}
   size_t MaxHeapSize                              = 4139778048                                {product} {ergonomic}
   size_t MinHeapDeltaBytes                        = 2097152                                   {product} {ergonomic}
   size_t MinHeapSize                              = 8388608                                   {product} {ergonomic}
    uintx NonNMethodCodeHeapSize                   = 7602480                                {pd product} {ergonomic}
    uintx NonProfiledCodeHeapSize                  = 122027880                              {pd product} {ergonomic}
    uintx ProfiledCodeHeapSize                     = 122027880                              {pd product} {ergonomic}
    uintx ReservedCodeCacheSize                    = 251658240                              {pd product} {ergonomic}
     bool SegmentedCodeCache                       = true                                      {product} {ergonomic}
     bool ShowCodeDetailsInExceptionMessages       = true                                   {manageable} {command line}
   size_t SoftMaxHeapSize                          = 4139778048                             {manageable} {ergonomic}
     bool UseCompressedClassPointers               = true                           {product lp64_product} {ergonomic}
     bool UseCompressedOops                        = true                           {product lp64_product} {ergonomic}
     bool UseG1GC                                  = true                                      {product} {ergonomic}
     bool UseLargePagesIndividualAllocation        = false                                  {pd product} {ergonomic}

Logging:
Log output configuration:
 #0: stdout all=warning uptime,level,tags foldmultilines=false
 #1: stderr all=off uptime,level,tags foldmultilines=false

Environment Variables:
PATH=C:/Program Files/Java/jdk-19/bin/server;C:/Program Files/Java/jdk-19/bin;C:\Program Files\Common Files\Oracle\Java\javapath;C:\Program Files\Python310\Scripts\;C:\Program Files\Python310\;C:\Windows\system32;C:\Windows;C:\Windows\System32\Wbem;C:\Windows\System32\WindowsPowerShell\v1.0\;C:\Windows\System32\OpenSSH\;C:\Program Files (x86)\NVIDIA Corporation\PhysX\Common;C:\Program Files\NVIDIA Corporation\NVIDIA NvDLISR;C:\WINDOWS\system32;C:\WINDOWS;C:\WINDOWS\System32\Wbem;C:\WINDOWS\System32\WindowsPowerShell\v1.0\;C:\WINDOWS\System32\OpenSSH\;C:\Program Files\Microsoft SQL Server\150\Tools\Binn\;C:\Program Files\Microsoft SQL Server\Client SDK\ODBC\170\Tools\Binn\;C:\Program Files\dotnet\;C:\Program Files\Git\cmd;C:\Program Files\nodejs\;C:\Program Files\MySQL\MySQL Shell 8.0\bin\;C:\Users\mkale\AppData\Local\Microsoft\WindowsApps;C:\Users\mkale\.dotnet\tools;C:\Users\mkale\AppData\Local\Programs\Microsoft VS Code\bin;C:\Users\mkale\AppData\Roaming\npm;C:\Users\mkale\AppData\Local\GitHubDesktop\bin;C:\src\flutter\bin;;C:\WINDOWS\system32;
USERNAME=mkale
OS=Windows_NT
PROCESSOR_IDENTIFIER=AMD64 Family 23 Model 96 Stepping 1, AuthenticAMD
TMP=C:\Users\mkale\AppData\Local\Temp
TEMP=C:\Users\mkale\AppData\Local\Temp



---------------  S Y S T E M  ---------------

OS:
 Windows 10 , 64 bit Build 19041 (10.0.19041.3393)
OS uptime: 3 days 0:46 hours

CPU: total 16 (initial active 16) (16 cores per cpu, 2 threads per core) family 23 model 96 stepping 1 microcode 0x0, cx8, cmov, fxsr, ht, mmx, 3dnowpref, sse, sse2, sse3, ssse3, sse4a, sse4.1, sse4.2, popcnt, lzcnt, tsc, tscinvbit, avx, avx2, aes, clmul, bmi1, bmi2, adx, sha, fma, vzeroupper, clflush, clflushopt, rdtscp, rdpid

Memory: 4k page, system-wide physical 15789M (3599M free)
TotalPageFile size 64941M (AvailPageFile size 239M)
current process WorkingSet (physical memory assigned to process): 11M, peak: 11M
current process commit charge ("private bytes"): 71M, peak: 318M

vm_info: Java HotSpot(TM) 64-Bit Server VM (19+36-2238) for windows-amd64 JRE (19+36-2238), built on 2022-08-12T20:29:01Z by "mach5one" with MS VC++ 17.1 (VS2022)

END.
